05-21 20:06:06 Bk=731 ckN=8:08-0/8 0278ms: 399ms[05-03-0-0] codeN=0:2:1:2-1:0:0:0/6 chkRes=3:No:OK:Ok:OK:NA checkRes=159_h_535_K_731_K_664_G_265_W_561_W_ ck=e78c
05-21 19:36:07 Bk=731 ckN=8:08-0/8 0283ms: 400ms[05-03-0-0] codeN=1:2:1:2-0:0:0:0/6 chkRes=4:Ok:OK:Ok:OK:no checkRes=159_H_535_K_731_K_664_G_265_W_561_W_ ck=94bb
05-21 19:06:06 Bk=731 ckN=8:08-0/8 0262ms: 301ms[05-03-0-0] codeN=1:2:1:2-0:0:0:0/6 chkRes=4:Ok:OK:Ok:OK:no checkRes=159_H_535_K_731_K_664_G_265_W_561_W_ ck=94bb
05-21 18:37:56 Bk=731 ckN=8:08-0/8 0277ms: 358ms[05-03-0-0] codeN=1:2:1:2-0:0:0:0/6 chkRes=4:Ok:OK:Ok:OK:no checkRes=159_H_535_K_731_K_664_G_265_W_561_W_ ck=e78c
05-21 18:06:07 Bk=731 ckN=8:08-0/8 0284ms: 454ms[04-04-0-0] codeN=1:2:1:2-0:0:0:0/6 chkRes=4:Ok:OK:Ok:OK:no checkRes=159_H_535_K_731_K_664_G_265_W_561_W_ ck=94bb
05-21 17:36:07 Bk=731 ckN=8:08-0/8 0264ms: 337ms[05-03-0-0] codeN=1:2:1:2-1:0:0:0/7 chkRes=4:No:OK:Ok:OK:NA checkRes=159_H_674_h_535_K_731_K_664_G_265_W_561_W_ ck=f3eb
05-21 17:06:09 Bk=731 ckN=8:08-0/8 0281ms: 441ms[05-03-0-0] codeN=1:2:1:2-1:0:0:0/7 chkRes=4:No:OK:Ok:OK:NA checkRes=553_h_674_H_535_K_731_K_664_G_265_W_561_W_ ck=4ad2
05-21 16:06:09 Bk=731 ckN=8:08-0/8 0283ms: 577ms[05-03-0-0] codeN=2:2:0:0-0:0:0:1/5 chkRes=2:OK:OK:No:No:NA checkRes=553_H_674_H_535_K_731_K_164_w_ ck=4ad2
05-21 15:36:10 Bk=731 ckN=8:06-0/8 0277ms: 698ms[02-06-0-0] codeN=2:2:0:1-0:0:0:0/5 chkRes=3:OK:OK:Oc:Ok:no checkRes=553_H_674_H_535_K_731_K_164_W_ ck=f3eb
05-21 15:06:10 Bk=731 ckN=8:07-0/8 0295ms: 854ms[03-04-1-0] codeN=2:2:0:1-0:0:0:0/5 chkRes=3:OK:OK:Oc:Ok:no checkRes=553_H_674_H_535_K_731_K_164_W_ ck=94bb
05-21 14:36:09 Bk=731 ckN=8:07-0/8 0291ms: 773ms[03-04-0-1] codeN=2:2:0:1-0:0:0:0/5 chkRes=3:OK:OK:Oc:Ok:no checkRes=553_H_674_H_535_K_731_K_164_W_ ck=92cc
05-21 14:06:06 Bk=731 ckN=8:08-0/8 0297ms: 397ms[05-03-0-0] codeN=2:2:0:1-0:0:0:0/5 chkRes=3:OK:OK:Oc:Ok:no checkRes=553_H_674_H_535_K_731_K_164_W_ ck=e78c
05-21 13:36:06 Bk=731 ckN=8:08-0/8 0274ms: 438ms[04-04-0-0] codeN=2:2:0:1-0:0:0:0/5 chkRes=3:OK:OK:Oc:Ok:no checkRes=553_H_674_H_535_K_731_K_164_W_ ck=f3eb
05-21 13:06:10 Bk=731 ckN=8:07-0/8 0269ms: 554ms[04-03-1-0] codeN=1:2:0:1-1:0:0:0/5 chkRes=3:No:OK:Oc:Ok:NA checkRes=360_h_674_H_535_K_731_K_164_W_ ck=d3fc
05-21 12:36:05 Bk=731 ckN=8:08-0/8 0284ms: 326ms[05-03-0-0] codeN=2:2:0:1-0:0:0:0/5 chkRes=3:OK:OK:Oc:Ok:no checkRes=360_H_674_H_535_K_731_K_164_W_ ck=4ad2
05-21 12:06:06 Bk=731 ckN=8:08-0/8 0279ms: 353ms[04-04-0-0] codeN=2:2:0:1-1:0:0:0/6 chkRes=3:OK:OK:Oc:Ok:yes checkRes=360_H_369_h_674_H_535_K_731_K_164_W_ ck=94bb
05-21 11:36:07 Bk=731 ckN=8:08-0/8 0272ms: 393ms[05-03-0-0] codeN=3:2:0:1-0:0:0:0/6 chkRes=3:OK:OK:Oc:Ok:no checkRes=360_H_369_H_674_H_535_K_731_K_164_W_ ck=94bb
05-21 11:06:06 Bk=731 ckN=8:08-0/8 0288ms: 393ms[05-03-0-0] codeN=3:2:0:1-0:0:0:0/6 chkRes=3:OK:OK:Oc:Ok:no checkRes=360_H_369_H_674_H_535_K_731_K_164_W_ ck=94bb
05-21 10:36:06 Bk=731 ckN=8:08-0/8 0247ms: 377ms[05-03-0-0] codeN=3:2:0:1-0:0:0:0/6 chkRes=3:OK:OK:Oc:Ok:no checkRes=360_H_369_H_674_H_535_K_731_K_164_W_ ck=94bb
05-21 10:06:05 Bk=731 ckN=8:08-0/8 0262ms: 346ms[05-03-0-0] codeN=3:2:0:1-0:0:0:0/6 chkRes=3:OK:OK:Oc:No:NA checkRes=360_H_369_H_674_H_535_K_731_K_164_W_ ck=94bb
05-21 09:36:06 Bk=731 ckN=8:08-0/8 0288ms: 325ms[05-03-0-0] codeN=3:2:0:1-0:0:0:0/6 chkRes=3:OK:OK:Oc:Ok:no checkRes=360_H_369_H_674_H_535_K_731_K_164_W_ ck=e78c
05-21 09:06:07 Bk=731 ckN=8:08-0/8 0268ms: 398ms[05-03-0-0] codeN=3:2:0:1-0:0:0:0/6 chkRes=3:OK:OK:Oc:Ok:no checkRes=360_H_369_H_674_H_535_K_731_K_164_W_ ck=f3eb
05-21 08:36:07 Bk=731 ckN=8:08-0/8 0276ms: 343ms[05-03-0-0] codeN=3:2:0:1-0:0:0:0/6 chkRes=3:OK:OK:Oc:Ok:no checkRes=360_H_369_H_674_H_535_K_731_K_164_W_ ck=4ad2
05-21 08:06:06 Bk=731 ckN=8:08-0/8 0294ms: 339ms[05-03-0-0] codeN=3:2:0:1-0:0:0:0/6 chkRes=3:OK:OK:Oc:Ok:no checkRes=360_H_369_H_674_H_535_K_731_K_164_W_ ck=92cc
05-21 07:36:11 Bk=731 ckN=8:07-0/8 0269ms: 852ms[05-02-0-0] codeN=3:2:0:1-2:0:0:0/8 chkRes=3:OK:OK:Oc:Ok:yes checkRes=360_H_369_H_384_h_674_H_998_h_535_K_731_K_164_W_ ck=f3eb
05-21 07:06:07 Bk=731 ckN=8:08-0/8 0277ms: 449ms[04-04-0-0] codeN=5:2:0:1-0:0:0:0/8 chkRes=3:OK:OK:Oc:Ok:no checkRes=360_H_369_H_384_H_674_H_998_H_535_K_731_K_164_W_ ck=e78c
05-21 06:36:06 Bk=731 ckN=8:08-0/8 0266ms: 313ms[08-00-0-0] codeN=5:2:0:1-0:0:0:0/8 chkRes=3:OK:OK:Oc:Ok:no checkRes=360_H_369_H_384_H_674_H_998_H_535_K_731_K_164_W_ ck=e78c
05-21 06:06:07 Bk=731 ckN=8:08-0/8 0269ms: 333ms[07-01-0-0] codeN=5:2:0:1-0:0:0:0/8 chkRes=3:OK:OK:Oc:Ok:no checkRes=360_H_369_H_384_H_674_H_998_H_535_K_731_K_164_W_ ck=4ad2
05-21 05:36:06 Bk=731 ckN=8:08-0/8 0267ms: 298ms[05-03-0-0] codeN=5:2:0:1-0:0:0:0/8 chkRes=3:OK:OK:Oc:Ok:no checkRes=360_H_369_H_384_H_674_H_998_H_535_K_731_K_164_W_ ck=4ad2
05-21 05:06:07 Bk=731 ckN=8:08-0/8 0255ms: 341ms[05-03-0-0] codeN=5:2:0:1-0:0:0:0/8 chkRes=3:OK:OK:Oc:Ok:no checkRes=360_H_369_H_384_H_674_H_998_H_535_K_731_K_164_W_ ck=f3eb
05-21 04:36:06 Bk=731 ckN=8:08-0/8 0255ms: 301ms[05-03-0-0] codeN=5:2:0:1-0:0:0:0/8 chkRes=3:OK:OK:Oc:Ok:no checkRes=360_H_369_H_384_H_674_H_998_H_535_K_731_K_164_W_ ck=f3eb
05-21 04:06:06 Bk=731 ckN=8:08-0/8 0271ms: 321ms[05-03-0-0] codeN=5:2:0:1-0:0:0:0/8 chkRes=3:OK:OK:Oc:Ok:no checkRes=360_H_369_H_384_H_674_H_998_H_535_K_731_K_164_W_ ck=4ad2
05-21 03:36:06 Bk=731 ckN=8:08-0/8 0257ms: 310ms[05-03-0-0] codeN=5:2:0:1-0:0:0:0/8 chkRes=3:OK:OK:Oc:Ok:no checkRes=360_H_369_H_384_H_674_H_998_H_535_K_731_K_164_W_ ck=f3eb
05-21 03:06:06 Bk=731 ckN=8:08-0/8 0267ms: 352ms[05-03-0-0] codeN=5:2:0:1-0:0:0:0/8 chkRes=3:OK:OK:Oc:Ok:no checkRes=360_H_369_H_384_H_674_H_998_H_535_K_731_K_164_W_ ck=e78c
05-21 02:36:06 Bk=731 ckN=8:08-0/8 0268ms: 309ms[06-02-0-0] codeN=5:2:0:1-0:0:0:0/8 chkRes=3:OK:OK:Oc:No:NA checkRes=360_H_369_H_384_H_674_H_998_H_535_K_731_K_164_W_ ck=94bb
05-21 02:06:07 Bk=731 ckN=8:08-0/8 0268ms: 359ms[05-03-0-0] codeN=5:2:0:1-0:0:0:0/8 chkRes=3:OK:OK:Oc:Ok:no checkRes=360_H_369_H_384_H_674_H_998_H_535_K_731_K_164_W_ ck=d9b1
05-21 01:36:07 Bk=731 ckN=8:08-0/8 0269ms: 319ms[07-01-0-0] codeN=5:2:0:1-0:0:0:0/8 chkRes=3:OK:OK:Oc:Ok:no checkRes=360_H_369_H_384_H_674_H_998_H_535_K_731_K_164_W_ ck=4ad2
05-21 01:06:08 Bk=731 ckN=8:07-0/8 0260ms: 516ms[05-02-1-0] codeN=5:2:0:1-0:0:0:0/8 chkRes=3:OK:OK:Oc:Ok:no checkRes=360_H_369_H_384_H_674_H_998_H_535_K_731_K_164_W_ ck=e78c
05-21 00:36:07 Bk=731 ckN=8:08-0/8 0257ms: 348ms[05-03-0-0] codeN=5:2:0:1-0:0:0:0/8 chkRes=3:OK:OK:Oc:Ok:no checkRes=360_H_369_H_384_H_674_H_998_H_535_K_731_K_164_W_ ck=e78c
05-21 00:06:05 Bk=731 ckN=8:08-0/8 0274ms: 333ms[05-03-0-0] codeN=2:2:0:1-0:0:0:0/5 chkRes=3:Nf:OK:Oc:Ok:NA checkRes=384_H_998_H_535_K_731_K_164_W_ ck=e78c
05-20 23:36:05 Bk=731 ckN=8:08-0/8 0259ms: 359ms[05-03-0-0] codeN=2:2:0:1-0:0:0:0/5 chkRes=3:OK:OK:Oc:Ok:no checkRes=384_H_998_H_535_K_731_K_164_W_ ck=94bb
05-20 23:06:06 Bk=731 ckN=8:08-0/8 0273ms: 388ms[04-04-0-0] codeN=2:2:0:1-0:0:0:0/5 chkRes=3:Nf:OK:Oc:Ok:NA checkRes=384_H_998_H_535_K_731_K_164_W_ ck=d3fc
05-20 22:36:07 Bk=731 ckN=8:07-0/8 0274ms: 431ms[05-03-0-0] codeN=2:2:0:1-0:0:0:0/5 chkRes=3:OK:OK:Oc:Ok:no checkRes=384_H_998_H_535_K_731_K_164_W_ ck=e78c
05-20 22:06:06 Bk=731 ckN=8:08-0/8 0252ms: 354ms[04-04-0-0] codeN=2:2:0:1-0:0:1:0/6 chkRes=3:OK:OK:Oc:Ok:yes checkRes=384_H_998_H_535_K_731_K_893_g_164_W_ ck=4ad2
05-20 21:36:06 Bk=731 ckN=8:07-0/8 0266ms: 392ms[04-04-0-0] codeN=2:2:1:1-0:0:0:0/6 chkRes=4:OK:OK:Ok:Ok:no checkRes=384_H_998_H_535_K_731_K_893_G_164_W_ ck=e78c
05-20 21:06:06 Bk=731 ckN=8:08-0/8 0287ms: 403ms[05-03-0-0] codeN=0:2:1:1-1:0:0:0/5 chkRes=3:No:OK:Ok:Ok:NA checkRes=636_h_535_K_731_K_893_G_164_W_ ck=d3fc
05-20 20:36:07 Bk=731 ckN=8:08-0/8 0289ms: 525ms[03-05-0-0] codeN=1:2:1:1-0:0:0:0/5 chkRes=4:Ok:OK:Ok:Ok:no checkRes=636_H_535_K_731_K_893_G_164_W_ ck=4ad2
05-20 20:06:48 Bk=731 ckN=8:08-0/8 0302ms: 340ms[05-03-0-0] codeN=1:2:1:1-0:0:0:0/5 chkRes=4:Ok:OK:Ok:Ok:no checkRes=636_H_535_K_731_K_893_G_164_W_ ck=92cc
05-20 19:36:05 Bk=731 ckN=8:08-0/8 0266ms: 303ms[05-03-0-0] codeN=1:2:1:1-1:0:0:0/6 chkRes=4:No:OK:Ok:Ok:NA checkRes=146_h_636_H_535_K_731_K_893_G_164_W_ ck=94bb
05-20 19:06:06 Bk=731 ckN=8:08-0/8 0286ms: 389ms[05-03-0-0] codeN=2:2:0:0-0:1:1:0/6 chkRes=2:OK:OK:No:No:NA checkRes=146_H_636_H_338_k_535_K_731_K_244_g_ ck=d9b1
05-20 18:36:06 Bk=731 ckN=8:08-0/8 0268ms: 358ms[06-02-0-0] codeN=1:3:1:0-1:0:0:0/6 chkRes=3:No:OK:Ok:Oc:NA checkRes=146_H_995_h_338_K_535_K_731_K_244_G_ ck=4ad2
05-20 18:06:08 Bk=731 ckN=8:07-0/8 0280ms: 530ms[03-05-0-0] codeN=2:3:1:0-0:0:0:0/6 chkRes=3:OK:OK:Ok:Oc:no checkRes=146_H_995_H_338_K_535_K_731_K_244_G_ ck=e78c
05-20 17:36:06 Bk=731 ckN=8:08-0/8 0289ms: 409ms[04-04-0-0] codeN=2:3:1:0-0:0:0:0/6 chkRes=3:OK:OK:Ok:Oc:no checkRes=146_H_995_H_338_K_535_K_731_K_244_G_ ck=94bb
05-20 17:06:07 Bk=731 ckN=8:08-0/8 0399ms: 519ms[04-04-0-0] codeN=2:3:1:0-0:0:0:0/6 chkRes=3:OK:OK:Ok:Oc:no checkRes=146_H_995_H_338_K_535_K_731_K_244_G_ ck=d3fc
05-20 16:36:06 Bk=731 ckN=8:08-0/8 0283ms: 396ms[05-03-0-0] codeN=2:3:1:0-0:0:0:0/6 chkRes=3:OK:OK:Ok:Oc:no checkRes=146_H_995_H_338_K_535_K_731_K_244_G_ ck=92cc
05-20 16:06:08 Bk=731 ckN=8:08-0/8 0299ms: 358ms[05-03-0-0] codeN=2:3:1:0-0:0:0:0/6 chkRes=3:OK:OK:No:Oc:NA checkRes=146_H_995_H_338_K_535_K_731_K_244_G_ ck=d9b1
05-20 15:36:07 Bk=731 ckN=8:08-0/8 0269ms: 419ms[04-04-0-0] codeN=2:3:1:0-0:0:0:0/6 chkRes=3:OK:OK:Ok:Oc:no checkRes=146_H_995_H_338_K_535_K_731_K_244_G_ ck=e78c
05-20 15:06:06 Bk=731 ckN=8:08-0/8 0258ms: 407ms[05-03-0-0] codeN=2:3:1:0-0:0:0:0/6 chkRes=3:OK:OK:Ok:Oc:no checkRes=146_H_995_H_338_K_535_K_731_K_244_G_ ck=e78c
05-20 14:36:08 Bk=731 ckN=8:08-0/8 0310ms: 445ms[04-04-0-0] codeN=2:3:1:0-0:0:0:0/6 chkRes=3:OK:OK:Ok:Oc:no checkRes=146_H_995_H_338_K_535_K_731_K_244_G_ ck=d9b1
05-20 14:06:08 Bk=731 ckN=8:08-0/8 0285ms: 457ms[04-04-0-0] codeN=2:3:1:0-0:0:0:0/6 chkRes=3:OK:OK:Ok:Oc:no checkRes=146_H_995_H_338_K_535_K_731_K_244_G_ ck=e78c
05-20 13:36:07 Bk=731 ckN=8:08-0/8 0300ms: 428ms[04-04-0-0] codeN=2:3:1:0-1:0:0:0/7 chkRes=3:OK:OK:Ok:Oc:yes checkRes=146_H_293_h_995_H_338_K_535_K_731_K_244_G_ ck=94bb
05-20 13:06:06 Bk=731 ckN=8:08-0/8 0268ms: 308ms[05-03-0-0] codeN=3:3:1:0-0:0:0:0/7 chkRes=3:OK:OK:Ok:Oc:no checkRes=146_H_293_H_995_H_338_K_535_K_731_K_244_G_ ck=d9b1
05-20 12:36:07 Bk=731 ckN=8:08-0/8 0265ms: 396ms[04-04-0-0] codeN=3:3:1:0-0:0:0:0/7 chkRes=3:OK:OK:Ok:Oc:no checkRes=146_H_293_H_995_H_338_K_535_K_731_K_244_G_ ck=e78c
05-20 12:06:08 Bk=731 ckN=8:08-0/8 0310ms: 496ms[03-05-0-0] codeN=3:3:1:0-0:0:0:0/7 chkRes=3:OK:OK:Ok:Oc:no checkRes=146_H_293_H_995_H_338_K_535_K_731_K_244_G_ ck=d3fc
05-20 11:36:07 Bk=731 ckN=8:08-0/8 0275ms: 377ms[06-02-0-0] codeN=3:3:1:0-0:0:0:0/7 chkRes=3:OK:OK:Ok:Oc:no checkRes=146_H_293_H_995_H_338_K_535_K_731_K_244_G_ ck=94bb
05-20 11:06:07 Bk=731 ckN=8:08-0/8 0315ms: 416ms[04-04-0-0] codeN=3:3:1:0-1:0:0:0/8 chkRes=3:OK:OK:Ok:Oc:yes checkRes=146_H_293_H_340_h_995_H_338_K_535_K_731_K_244_G_ ck=f3eb
05-20 10:36:08 Bk=731 ckN=8:08-0/8 0357ms: 549ms[05-03-0-0] codeN=4:3:1:0-0:0:0:0/8 chkRes=3:OK:OK:Ok:Oc:no checkRes=146_H_293_H_340_H_995_H_338_K_535_K_731_K_244_G_ ck=d9b1
05-20 10:06:06 Bk=731 ckN=8:08-0/8 0275ms: 328ms[05-03-0-0] codeN=4:3:1:0-0:0:0:0/8 chkRes=3:OK:OK:Ok:Oc:no checkRes=146_H_293_H_340_H_995_H_338_K_535_K_731_K_244_G_ ck=92cc
05-20 09:36:06 Bk=731 ckN=8:08-0/8 0267ms: 329ms[05-03-0-0] codeN=4:3:1:0-0:0:0:0/8 chkRes=3:OK:OK:Ok:Oc:no checkRes=146_H_293_H_340_H_995_H_338_K_535_K_731_K_244_G_ ck=94bb
05-20 09:06:07 Bk=731 ckN=8:08-0/8 0294ms: 391ms[04-04-0-0] codeN=4:3:1:0-0:0:0:0/8 chkRes=3:OK:OK:Ok:Oc:no checkRes=146_H_293_H_340_H_995_H_338_K_535_K_731_K_244_G_ ck=d3fc
05-20 08:36:07 Bk=731 ckN=8:08-0/8 0284ms: 393ms[04-04-0-0] codeN=4:3:0:0-0:0:0:0/7 chkRes=2:OK:OK:No:No:NA checkRes=146_H_293_H_340_H_995_H_338_K_535_K_731_K_ ck=e78c
05-20 08:06:06 Bk=731 ckN=8:08-0/8 0262ms: 338ms[05-03-0-0] codeN=4:3:0:0-0:0:0:0/7 chkRes=2:OK:OK:No:No:NA checkRes=146_H_293_H_340_H_995_H_338_K_535_K_731_K_ ck=4ad2
05-20 07:36:06 Bk=731 ckN=8:08-0/8 0272ms: 355ms[05-03-0-0] codeN=4:3:0:0-0:0:0:0/7 chkRes=2:OK:OK:No:No:NA checkRes=146_H_293_H_340_H_995_H_338_K_535_K_731_K_ ck=92cc
05-20 07:06:06 Bk=731 ckN=8:08-0/8 0273ms: 357ms[05-03-0-0] codeN=4:3:0:0-0:0:0:0/7 chkRes=2:OK:OK:No:No:NA checkRes=146_H_293_H_340_H_995_H_338_K_535_K_731_K_ ck=4ad2
05-20 06:36:06 Bk=731 ckN=8:08-0/8 0255ms: 316ms[05-03-0-0] codeN=4:3:0:0-0:0:0:0/7 chkRes=2:OK:OK:No:No:NA checkRes=146_H_293_H_340_H_995_H_338_K_535_K_731_K_ ck=e78c
05-20 06:06:05 Bk=731 ckN=8:08-0/8 0247ms: 283ms[05-03-0-0] codeN=4:3:0:0-0:0:0:0/7 chkRes=2:OK:OK:No:No:NA checkRes=146_H_293_H_340_H_995_H_338_K_535_K_731_K_ ck=94bb
05-20 05:36:07 Bk=731 ckN=8:07-0/8 0268ms: 455ms[04-04-0-0] codeN=4:3:0:0-0:0:0:0/7 chkRes=2:OK:OK:No:No:NA checkRes=146_H_293_H_340_H_995_H_338_K_535_K_731_K_ ck=d3fc
05-20 05:06:06 Bk=731 ckN=8:07-0/8 0254ms: 422ms[04-04-0-0] codeN=4:3:0:0-0:0:0:0/7 chkRes=2:OK:OK:No:No:NA checkRes=146_H_293_H_340_H_995_H_338_K_535_K_731_K_ ck=f3eb
05-20 04:36:05 Bk=731 ckN=8:08-0/8 0267ms: 312ms[05-03-0-0] codeN=4:3:0:0-0:0:0:0/7 chkRes=2:OK:OK:No:No:NA checkRes=146_H_293_H_340_H_995_H_338_K_535_K_731_K_ ck=92cc
05-20 04:06:06 Bk=731 ckN=8:08-0/8 0265ms: 325ms[05-03-0-0] codeN=4:3:0:0-0:0:0:0/7 chkRes=2:OK:OK:No:No:NA checkRes=146_H_293_H_340_H_995_H_338_K_535_K_731_K_ ck=f3eb
05-20 03:36:07 Bk=731 ckN=8:07-0/8 0263ms: 531ms[06-01-0-1] codeN=4:3:0:0-0:0:0:0/7 chkRes=2:OK:OK:No:No:NA checkRes=146_H_293_H_340_H_995_H_338_K_535_K_731_K_ ck=94bb
05-20 03:06:05 Bk=731 ckN=8:08-0/8 0246ms: 314ms[06-02-0-0] codeN=4:3:0:0-0:0:0:0/7 chkRes=2:OK:OK:No:No:NA checkRes=146_H_293_H_340_H_995_H_338_K_535_K_731_K_ ck=92cc
05-20 02:36:05 Bk=731 ckN=8:08-0/8 0250ms: 275ms[06-02-0-0] codeN=4:3:0:0-0:0:0:0/7 chkRes=2:OK:OK:No:No:NA checkRes=146_H_293_H_340_H_995_H_338_K_535_K_731_K_ ck=e78c
05-20 02:06:06 Bk=731 ckN=8:08-0/8 0229ms: 338ms[05-03-0-0] codeN=4:3:0:0-0:0:0:0/7 chkRes=2:OK:OK:No:No:NA checkRes=146_H_293_H_340_H_995_H_338_K_535_K_731_K_ ck=f3eb
05-20 01:36:06 Bk=731 ckN=8:08-0/8 0230ms: 290ms[06-02-0-0] codeN=4:3:0:0-0:0:0:0/7 chkRes=2:OK:OK:No:No:NA checkRes=146_H_293_H_340_H_995_H_338_K_535_K_731_K_ ck=92cc
05-20 01:06:06 Bk=731 ckN=8:08-0/8 0247ms: 333ms[05-03-0-0] codeN=4:3:0:0-0:0:0:0/7 chkRes=2:OK:OK:No:No:NA checkRes=146_H_293_H_340_H_995_H_338_K_535_K_731_K_ ck=92cc
05-20 00:36:06 Bk=731 ckN=8:08-0/8 0250ms: 304ms[05-03-0-0] codeN=4:3:0:0-0:0:0:0/7 chkRes=2:OK:OK:No:No:NA checkRes=146_H_293_H_340_H_995_H_338_K_535_K_731_K_ ck=94bb
05-20 00:06:05 Bk=731 ckN=8:08-0/8 0263ms: 282ms[05-03-0-0] codeN=1:3:0:0-1:0:0:0/5 chkRes=2:Nf:OK:No:No:NA checkRes=206_h_293_H_338_K_535_K_731_K_ ck=94bb
05-19 23:36:05 Bk=731 ckN=8:08-0/8 0260ms: 297ms[06-02-0-0] codeN=2:3:0:0-0:0:0:0/5 chkRes=2:OK:OK:No:No:NA checkRes=206_H_293_H_338_K_535_K_731_K_ ck=92cc
05-19 23:06:05 Bk=731 ckN=8:08-0/8 0252ms: 306ms[06-02-0-0] codeN=2:3:0:0-0:0:0:0/5 chkRes=2:Nf:OK:No:No:NA checkRes=206_H_293_H_338_K_535_K_731_K_ ck=4ad2
05-19 22:36:05 Bk=731 ckN=8:08-0/8 0253ms: 299ms[07-01-0-0] codeN=2:3:0:0-0:0:0:0/5 chkRes=2:OK:OK:No:No:NA checkRes=206_H_293_H_338_K_535_K_731_K_ ck=f3eb
05-19 22:06:05 Bk=731 ckN=8:08-0/8 0260ms: 298ms[05-03-0-0] codeN=2:3:0:0-0:0:0:0/5 chkRes=2:OK:OK:No:No:NA checkRes=206_H_293_H_338_K_535_K_731_K_ ck=92cc
05-19 21:36:05 Bk=731 ckN=8:08-0/8 0256ms: 314ms[05-03-0-0] codeN=2:3:0:0-0:0:0:0/5 chkRes=2:OK:OK:No:No:NA checkRes=206_H_293_H_338_K_535_K_731_K_ ck=f3eb
05-19 21:06:06 Bk=731 ckN=8:08-0/8 0246ms: 347ms[05-03-0-0] codeN=2:3:0:0-0:0:1:0/6 chkRes=2:OK:OK:No:No:NA checkRes=206_H_293_H_338_K_535_K_731_K_834_g_ ck=d3fc
05-19 20:36:07 Bk=731 ckN=8:08-0/8 0320ms: 428ms[04-04-0-0] codeN=2:3:1:0-0:0:0:0/6 chkRes=3:OK:OK:Ok:Oc:no checkRes=206_H_293_H_338_K_535_K_731_K_834_G_ ck=92cc
05-19 20:06:06 Bk=731 ckN=8:07-0/8 0256ms: 403ms[05-03-0-0] codeN=2:1:1:0-0:1:0:0/5 chkRes=3:OK:No:Ok:Oc:NA checkRes=206_H_293_H_706_k_731_K_834_G_ ck=f3eb
05-19 19:36:07 Bk=731 ckN=8:08-0/8 0297ms: 496ms[03-05-0-0] codeN=2:2:1:0-0:0:0:0/5 chkRes=3:OK:OK:Ok:Oc:no checkRes=206_H_293_H_706_K_731_K_834_G_ ck=94bb
05-19 19:06:07 Bk=731 ckN=8:08-0/8 0271ms: 420ms[04-04-0-0] codeN=2:2:1:0-0:0:0:0/5 chkRes=3:OK:OK:Ok:Oc:no checkRes=206_H_293_H_706_K_731_K_834_G_ ck=f3eb
05-19 18:36:06 Bk=731 ckN=8:08-0/8 0267ms: 377ms[05-03-0-0] codeN=1:2:1:0-1:0:0:0/5 chkRes=3:No:OK:Ok:Oc:NA checkRes=206_H_510_h_706_K_731_K_834_G_ ck=4ad2
05-19 18:06:05 Bk=731 ckN=8:08-0/8 0286ms: 315ms[06-02-0-0] codeN=2:2:1:0-0:0:0:0/5 chkRes=3:OK:OK:Ok:Oc:no checkRes=206_H_510_H_706_K_731_K_834_G_ ck=f3eb
05-19 17:36:07 Bk=731 ckN=8:07-0/8 0264ms: 534ms[04-03-1-0] codeN=2:2:1:0-0:0:0:0/5 chkRes=3:OK:OK:Ok:Oc:no checkRes=206_H_510_H_706_K_731_K_834_G_ ck=94bb
05-19 17:06:10 Bk=731 ckN=8:07-0/8 0279ms: 870ms[05-02-0-0] codeN=2:2:1:0-0:0:0:0/5 chkRes=3:OK:OK:No:Oc:NA checkRes=206_H_510_H_706_K_731_K_834_G_ ck=f3eb
05-19 16:36:07 Bk=731 ckN=8:08-0/8 0300ms: 426ms[06-02-0-0] codeN=2:2:1:0-0:0:0:0/5 chkRes=3:OK:OK:Ok:Oc:no checkRes=206_H_510_H_706_K_731_K_834_G_ ck=4ad2
05-19 16:06:06 Bk=731 ckN=8:08-0/8 0283ms: 334ms[05-03-0-0] codeN=2:2:1:0-0:0:0:0/5 chkRes=3:OK:OK:Ok:Oc:no checkRes=206_H_510_H_706_K_731_K_834_G_ ck=94bb
05-19 15:36:07 Bk=731 ckN=8:08-0/8 0286ms: 459ms[04-04-0-0] codeN=2:2:1:0-0:0:0:0/5 chkRes=3:OK:OK:Ok:Oc:no checkRes=206_H_510_H_706_K_731_K_834_G_ ck=d3fc
05-19 15:06:05 Bk=731 ckN=8:08-0/8 0276ms: 338ms[04-04-0-0] codeN=2:2:1:0-0:0:0:0/5 chkRes=3:OK:OK:Ok:Oc:no checkRes=206_H_510_H_706_K_731_K_834_G_ ck=e78c
05-19 14:36:05 Bk=731 ckN=8:08-0/8 0271ms: 352ms[05-03-0-0] codeN=2:2:1:0-0:0:0:0/5 chkRes=3:OK:OK:Ok:Oc:no checkRes=206_H_510_H_706_K_731_K_834_G_ ck=f3eb
05-19 14:06:06 Bk=731 ckN=8:08-0/8 0269ms: 337ms[06-02-0-0] codeN=2:2:1:0-1:0:0:0/6 chkRes=3:OK:OK:Ok:Oc:yes checkRes=206_H_510_H_725_h_706_K_731_K_834_G_ ck=94bb
05-19 13:36:07 Bk=731 ckN=8:08-0/8 0289ms: 398ms[04-04-0-0] codeN=3:2:1:0-0:0:0:0/6 chkRes=3:OK:OK:Ok:Oc:no checkRes=206_H_510_H_725_H_706_K_731_K_834_G_ ck=4ad2
05-19 13:06:06 Bk=731 ckN=8:08-0/8 0277ms: 369ms[05-03-0-0] codeN=3:2:1:0-0:0:0:0/6 chkRes=3:OK:OK:Ok:Oc:no checkRes=206_H_510_H_725_H_706_K_731_K_834_G_ ck=4ad2
05-19 12:36:06 Bk=731 ckN=8:08-0/8 0308ms: 385ms[04-04-0-0] codeN=3:2:1:0-0:0:0:0/6 chkRes=3:OK:OK:Ok:Oc:no checkRes=206_H_510_H_725_H_706_K_731_K_834_G_ ck=d3fc
05-19 12:06:06 Bk=731 ckN=8:08-0/8 0290ms: 311ms[05-03-0-0] codeN=3:2:1:0-0:0:0:0/6 chkRes=3:OK:OK:Ok:Oc:no checkRes=206_H_510_H_725_H_706_K_731_K_834_G_ ck=e78c
05-19 11:36:06 Bk=731 ckN=8:08-0/8 0266ms: 318ms[05-03-0-0] codeN=3:2:1:0-0:0:0:0/6 chkRes=3:OK:OK:Ok:Oc:no checkRes=206_H_510_H_725_H_706_K_731_K_834_G_ ck=94bb
05-19 11:06:06 Bk=731 ckN=8:08-0/8 0280ms: 357ms[05-03-0-0] codeN=3:2:1:0-0:0:0:0/6 chkRes=3:OK:OK:Ok:Oc:no checkRes=206_H_510_H_725_H_706_K_731_K_834_G_ ck=d9b1
05-19 10:36:05 Bk=731 ckN=8:08-0/8 0267ms: 343ms[05-03-0-0] codeN=3:2:1:0-0:0:0:0/6 chkRes=3:OK:OK:Ok:Oc:no checkRes=206_H_510_H_725_H_706_K_731_K_834_G_ ck=94bb
05-19 10:06:27 Bk=731 ckN=8:08-0/8 0260ms: 313ms[05-03-0-0] codeN=3:2:1:0-0:0:0:0/6 chkRes=3:OK:OK:Ok:Nf:NA checkRes=206_H_510_H_725_H_706_K_731_K_834_G_ ck=94bb
05-19 10:06:05 Bk=731 ckN=8:08-0/8 0272ms: 284ms[06-02-0-0] codeN=3:2:1:0-0:0:0:0/6 chkRes=3:OK:OK:Ok:Oc:no checkRes=206_H_510_H_725_H_706_K_731_K_834_G_ ck=4ad2
05-19 10:05:08 Bk=731 ckN=8:07-0/8 0263ms: 708ms[04-03-0-1] codeN=3:2:1:0-0:0:0:0/6 chkRes=3:OK:OK:Ok:Oc:no checkRes=206_H_510_H_725_H_706_K_731_K_834_G_ ck=f3eb
05-19 09:30:37 Bk=731 ckN=8:08-0/8 0258ms: 314ms[05-03-0-0] codeN=3:2:0:0-1:0:1:0/7 chkRes=2:OK:OK:No:No:NA checkRes=206_H_510_H_674_h_725_H_706_K_731_K_735_g_ ck=e78c
05-19 08:49:34 Bk=731 ckN=8:08-0/8 0403ms: 493ms[03-05-0-0] codeN=3:2:0:0-1:0:1:0/7 chkRes=2:OK:OK:No:No:NA checkRes=206_H_510_H_674_h_725_H_706_K_731_K_735_g_ ck=94bb
05-19 01:18:36 Bk=731 ckN=8:08-0/8 0368ms: 449ms[04-04-0-0] codeN=4:2:1:0-0:0:0:0/7 chkRes=3:OK:OK:Ok:Oc:no checkRes=206_H_510_H_674_H_725_H_706_K_731_K_735_G_ ck=4ad2
05-19 01:06:08 Bk=731 ckN=8:08-0/8 0390ms: 420ms[04-04-0-0] codeN=4:2:1:0-0:0:0:0/7 chkRes=3:OK:OK:Ok:Oc:no checkRes=206_H_510_H_674_H_725_H_706_K_731_K_735_G_ ck=94bb
05-19 00:36:08 Bk=731 ckN=8:08-0/8 0382ms: 438ms[04-04-0-0] codeN=4:2:1:0-0:0:0:0/7 chkRes=3:OK:OK:Ok:Oc:no checkRes=206_H_510_H_674_H_725_H_706_K_731_K_735_G_ ck=4ad2
05-19 00:06:09 Bk=731 ckN=8:07-0/8 0383ms: 565ms[03-05-0-0] codeN=1:2:1:0-0:0:0:0/4 chkRes=3:Nf:OK:Ok:Oc:NA checkRes=674_H_706_K_731_K_735_G_ ck=e78c
05-18 23:36:07 Bk=731 ckN=8:08-0/8 0410ms: 487ms[04-04-0-0] codeN=0:2:1:0-1:0:0:0/4 chkRes=2:No:OK:Ok:No:NA checkRes=93_h_706_K_731_K_735_G_ ck=d3fc
05-18 23:06:05 Bk=731 ckN=8:08-0/8 0262ms: 299ms[06-02-0-0] codeN=1:2:1:0-0:0:0:0/4 chkRes=3:Nf:OK:Ok:Oc:NA checkRes=93_H_706_K_731_K_735_G_ ck=94bb
05-18 22:36:05 Bk=731 ckN=8:08-0/8 0264ms: 322ms[05-03-0-0] codeN=1:2:1:0-0:0:0:0/4 chkRes=3:Ok:OK:Ok:Oc:no checkRes=93_H_706_K_731_K_735_G_ ck=94bb
05-18 22:06:05 Bk=731 ckN=8:08-0/8 0255ms: 278ms[07-01-0-0] codeN=0:2:1:0-1:0:0:0/4 chkRes=2:No:OK:Ok:No:NA checkRes=221_h_706_K_731_K_735_G_ ck=d9b1
05-18 21:36:05 Bk=731 ckN=8:08-0/8 0280ms: 403ms[05-03-0-0] codeN=1:2:1:0-0:1:0:0/5 chkRes=3:Ok:OK:Ok:Oc:yes checkRes=221_H_165_k_706_K_731_K_735_G_ ck=e78c
05-18 21:06:05 Bk=731 ckN=8:08-0/8 0262ms: 312ms[05-03-0-0] codeN=1:3:1:0-0:0:0:0/5 chkRes=3:Ok:OK:Ok:Oc:no checkRes=221_H_165_K_706_K_731_K_735_G_ ck=4ad2
05-18 20:36:05 Bk=731 ckN=8:08-0/8 0270ms: 309ms[06-02-0-0] codeN=0:3:1:0-1:0:0:0/5 chkRes=2:No:OK:Ok:No:NA checkRes=774_h_165_K_706_K_731_K_735_G_ ck=94bb
05-18 20:06:05 Bk=731 ckN=8:08-0/8 0287ms: 329ms[05-03-0-0] codeN=1:3:1:0-0:0:0:0/5 chkRes=3:Ok:OK:Ok:Oc:no checkRes=774_H_165_K_706_K_731_K_735_G_ ck=d3fc
05-18 19:36:06 Bk=731 ckN=8:08-0/8 0269ms: 381ms[05-03-0-0] codeN=1:3:1:0-1:0:0:0/6 chkRes=3:No:OK:Ok:Oc:NA checkRes=421_h_774_H_165_K_706_K_731_K_735_G_ ck=d3fc
05-18 19:06:07 Bk=731 ckN=8:08-0/8 0287ms: 418ms[04-04-0-0] codeN=2:3:0:0-0:0:1:0/6 chkRes=2:OK:OK:No:No:NA checkRes=421_H_774_H_165_K_706_K_731_K_313_g_ ck=f3eb
05-18 18:36:05 Bk=731 ckN=8:08-0/8 0270ms: 331ms[05-03-0-0] codeN=2:3:0:0-0:0:1:0/6 chkRes=2:OK:OK:No:No:NA checkRes=421_H_774_H_165_K_706_K_731_K_890_g_ ck=d3fc
05-18 17:36:06 Bk=731 ckN=8:08-0/8 0285ms: 368ms[05-03-0-0] codeN=2:3:0:0-0:0:1:0/6 chkRes=2:OK:OK:No:No:NA checkRes=421_H_774_H_165_K_706_K_731_K_546_g_ ck=94bb
05-18 17:06:07 Bk=731 ckN=8:08-0/8 0311ms: 393ms[05-03-0-0] codeN=2:3:1:0-0:0:0:0/6 chkRes=3:OK:OK:Ok:Oc:no checkRes=421_H_774_H_165_K_706_K_731_K_546_G_ ck=f3eb
05-18 16:36:06 Bk=731 ckN=8:08-0/8 0293ms: 359ms[05-03-0-0] codeN=1:3:1:0-1:0:0:0/6 chkRes=3:No:OK:Ok:Oc:NA checkRes=616_h_774_H_165_K_706_K_731_K_546_G_ ck=4ad2
05-18 16:06:06 Bk=731 ckN=8:08-0/8 0298ms: 345ms[04-04-0-0] codeN=2:3:1:0-0:0:0:0/6 chkRes=3:OK:OK:Ok:Oc:no checkRes=616_H_774_H_165_K_706_K_731_K_546_G_ ck=f3eb
05-18 15:36:06 Bk=731 ckN=8:08-0/8 0281ms: 385ms[04-04-0-0] codeN=2:3:1:0-0:0:0:0/6 chkRes=3:OK:OK:Ok:Oc:no checkRes=616_H_774_H_165_K_706_K_731_K_546_G_ ck=92cc
05-18 15:06:07 Bk=731 ckN=8:08-0/8 0286ms: 403ms[05-03-0-0] codeN=2:3:1:0-0:0:0:0/6 chkRes=3:OK:OK:Ok:Oc:no checkRes=616_H_774_H_165_K_706_K_731_K_546_G_ ck=e78c
05-18 14:36:07 Bk=731 ckN=8:08-0/8 0277ms: 372ms[05-03-0-0] codeN=2:3:1:0-0:0:0:0/6 chkRes=3:OK:OK:Ok:Oc:no checkRes=616_H_774_H_165_K_706_K_731_K_546_G_ ck=94bb
05-18 14:06:06 Bk=731 ckN=8:08-0/8 0275ms: 311ms[05-03-0-0] codeN=2:3:1:0-0:0:0:0/6 chkRes=3:OK:OK:Ok:Oc:no checkRes=616_H_774_H_165_K_706_K_731_K_546_G_ ck=f3eb
05-18 13:36:06 Bk=731 ckN=8:08-0/8 0292ms: 389ms[04-04-0-0] codeN=2:3:1:0-0:0:0:0/6 chkRes=3:OK:OK:Ok:Oc:no checkRes=616_H_774_H_165_K_706_K_731_K_546_G_ ck=e78c
